<?xml version="1.0" encoding="UTF-8"?>
<!-- Generated by org.testng.reporters.JUnitXMLReporter -->
<testsuite hostname="BIT-CHITTA-DAS" name="Default test" tests="4" failures="0" timestamp="23 Oct 2021 16:48:21 GMT" time="1.708" errors="0">
  <testcase name="test" time="0.023" classname="Tests.Loginpage_Validations"/>
  <testcase name="test" time="0.004" classname="Tests.Loginpage_Validations"/>
  <testcase name="test" time="0.002" classname="Tests.Loginpage_Validations"/>
  <testcase name="test" time="0.004" classname="Tests.Loginpage_Validations"/>
</testsuite> <!-- Default test -->
