<?xml version="1.0" encoding="UTF-8"?>
<!-- Generated by org.testng.reporters.JUnitXMLReporter -->
<testsuite hostname="BIT-CHITTA-DAS" name="Test2" tests="6" failures="0" timestamp="26 Oct 2021 02:24:17 GMT" time="9.618" errors="0">
  <testcase name="TC005_3" time="0.049" classname="Tests.TC005"/>
  <testcase name="TC005_1" time="9.42" classname="Tests.TC005"/>
  <testcase name="TC005_2" time="0.015" classname="Tests.TC005"/>
  <testcase name="TC002_3" time="0.007" classname="Tests.TC002"/>
  <testcase name="TC002_1" time="0.001" classname="Tests.TC002"/>
  <testcase name="TC002_2" time="0.006" classname="Tests.TC002"/>
</testsuite> <!-- Test2 -->
